806.83984375
806.83984375
806.83984375
806.83984375
806.83984375
806.83984375
806.83984375
806.83984375
806.83984375
806.83984375
806.83984375
806.83984375
806.83984375
806.83984375
806.83984375
806.83984375
806.83984375
806.83984375
806.83984375
806.83984375
806.83984375
806.83984375
806.83984375
806.83984375
806.83984375
806.83984375
806.83984375
806.83984375
806.83984375
808.83984375
808.83984375
808.83984375
808.83984375
820.875
820.875
820.875
822.875
822.875
822.875
822.875
822.875
823.12890625
823.38671875
823.38671875
823.38671875
823.38671875
823.38671875
823.38671875
823.38671875
823.38671875
823.38671875
823.38671875
823.38671875
823.38671875
823.90234375
824.67578125
825.19140625
825.96484375
826.73828125
827.25390625
827.76953125
828.54296875
829.05859375
829.57421875
830.34765625
830.86328125
831.37890625
832.15234375
832.66796875
840.9765625
840.9765625
840.9765625
840.9765625
840.9765625
840.9765625
840.9765625
840.9765625
841.4921875
841.75
842.265625
843.0390625
843.5546875
867.83203125
867.83203125
867.83203125
867.83203125
867.83203125
867.83203125
867.83203125
867.83203125
867.83203125
867.83203125
867.83203125
867.83203125
867.83203125
867.83203125
867.83203125
867.83203125
867.83203125
867.83203125
867.83203125
867.83203125
