807.01171875
807.01171875
807.01171875
807.01171875
807.01171875
807.01171875
807.01171875
807.01171875
807.01171875
807.01171875
807.01171875
807.01171875
807.01171875
807.01171875
807.01171875
807.01171875
807.01171875
807.01171875
807.01171875
807.01171875
807.01171875
807.01171875
807.01171875
807.01171875
807.01171875
807.01171875
807.01171875
807.01171875
807.01171875
809.01171875
809.01171875
809.01171875
809.01171875
820.7890625
820.7890625
820.7890625
822.7890625
822.7890625
822.7890625
822.7890625
822.7890625
823.04296875
823.04296875
823.04296875
823.04296875
823.04296875
823.04296875
823.04296875
823.04296875
823.04296875
823.04296875
823.04296875
823.04296875
823.30078125
823.81640625
824.58984375
825.36328125
826.13671875
826.65234375
827.16796875
827.94140625
828.45703125
828.97265625
829.48828125
830.26171875
830.77734375
831.55078125
832.32421875
832.83984375
841.1484375
841.1484375
841.1484375
841.1484375
841.1484375
841.1484375
841.1484375
841.1484375
841.40625
841.921875
842.4375
842.953125
843.46875
868.00390625
868.00390625
868.00390625
868.00390625
868.00390625
868.00390625
868.00390625
868.00390625
868.00390625
868.00390625
868.00390625
868.00390625
868.00390625
868.00390625
868.00390625
868.00390625
868.00390625
868.00390625
868.00390625
868.00390625
