808.2578125
808.2578125
808.2578125
808.2578125
808.2578125
808.2578125
808.2578125
808.2578125
808.2578125
808.2578125
808.2578125
808.2578125
808.2578125
808.2578125
808.2578125
808.2578125
808.2578125
808.2578125
808.2578125
808.2578125
808.2578125
808.2578125
808.2578125
808.2578125
808.2578125
808.2578125
808.2578125
808.2578125
808.2578125
808.2578125
808.2578125
808.2578125
808.2578125
820.0390625
822.0390625
822.0390625
822.0390625
822.0390625
822.0390625
822.29296875
822.55078125
823.06640625
823.06640625
823.06640625
823.06640625
823.06640625
823.06640625
823.06640625
823.06640625
823.06640625
823.06640625
823.06640625
823.06640625
823.32421875
823.83984375
824.61328125
825.38671875
826.16015625
826.67578125
827.19140625
827.96484375
828.48046875
828.99609375
829.51171875
830.28515625
830.80078125
831.57421875
832.34765625
832.86328125
841.171875
841.171875
841.171875
841.171875
841.171875
841.171875
841.171875
841.171875
841.4296875
841.9453125
842.4609375
842.9765625
843.4921875
868.02734375
868.02734375
868.02734375
868.02734375
868.02734375
868.02734375
868.02734375
868.02734375
868.02734375
868.02734375
868.02734375
868.02734375
868.02734375
868.02734375
868.02734375
868.02734375
868.02734375
868.02734375
868.02734375
868.02734375
