808.73046875
808.73046875
808.73046875
808.73046875
808.73046875
808.73046875
808.73046875
808.73046875
808.73046875
808.73046875
808.73046875
808.73046875
808.73046875
808.73046875
810.73046875
810.73046875
810.73046875
810.73046875
810.73046875
810.73046875
810.73046875
810.73046875
810.98046875
811.23828125
811.49609375
811.75390625
812.78515625
813.81640625
818.33203125
818.33203125
819.09765625
831.65625
831.65625
831.65625
831.65625
831.65625
831.65625
831.65625
832.4296875
833.203125
833.9765625
834.75
835.5234375
836.296875
837.328125
838.1015625
839.1328125
839.90625
840.9375
841.96875
843.2578125
844.546875
845.578125
847.125
848.4140625
849.703125
850.734375
852.0234375
853.0546875
854.0859375
855.1171875
856.40625
857.1796875
858.2109375
859.2421875
868.06640625
868.06640625
868.06640625
868.06640625
868.58203125
869.61328125
870.38671875
871.16015625
967.5546875
967.5546875
967.5546875
967.5546875
967.5546875
967.5546875
967.5546875
967.5546875
967.5546875
967.5546875
967.5546875
967.5546875
967.5546875
967.5546875
967.5546875
967.5546875
967.5546875
967.5546875
967.5546875
967.5546875
967.5546875
967.5546875
967.5546875
967.5546875
967.5546875
967.5546875
967.5546875
967.5546875
967.5546875
1086.69140625
1086.69140625
