810.05078125
810.05078125
810.05078125
810.05078125
810.3046875
810.3046875
810.3046875
810.3046875
810.3046875
810.3046875
810.3046875
810.3046875
810.3046875
810.3046875
812.3046875
812.3046875
812.3046875
812.3046875
812.3046875
812.55859375
812.55859375
812.81640625
813.07421875
813.07421875
813.33203125
813.84765625
814.87890625
815.91015625
820.2265625
820.2265625
821.0
833.55859375
833.55859375
833.55859375
833.55859375
833.55859375
833.55859375
833.81640625
834.33203125
835.10546875
835.87890625
836.65234375
837.42578125
838.45703125
839.23046875
840.00390625
841.03515625
842.06640625
843.09765625
844.12890625
845.41796875
846.44921875
847.73828125
849.02734375
850.31640625
851.60546875
852.63671875
853.92578125
855.21484375
856.24609375
857.27734375
858.30859375
859.33984375
860.11328125
861.14453125
870.2265625
870.2265625
870.2265625
870.2265625
870.7421875
871.515625
872.546875
873.3203125
969.45703125
969.45703125
969.45703125
969.45703125
969.45703125
969.45703125
969.45703125
969.45703125
969.45703125
969.45703125
969.45703125
969.45703125
969.45703125
969.45703125
969.45703125
969.45703125
969.45703125
969.45703125
969.45703125
969.45703125
969.45703125
969.45703125
969.45703125
969.45703125
969.45703125
969.45703125
969.45703125
969.45703125
969.45703125
1088.69140625
1088.69140625
