808.1328125
808.1328125
808.1328125
808.1328125
808.1328125
808.1328125
808.1328125
808.1328125
808.1328125
808.1328125
808.1328125
808.1328125
808.1328125
808.1328125
810.1328125
810.1328125
810.1328125
810.1328125
810.1328125
810.3828125
810.640625
810.8984375
810.8984375
811.15625
811.4140625
811.9296875
812.9609375
813.9921875
818.30859375
818.30859375
819.08203125
831.83984375
831.83984375
831.83984375
831.83984375
831.83984375
831.83984375
831.83984375
832.34765625
833.12109375
833.89453125
834.66796875
835.44140625
836.47265625
837.24609375
838.01953125
839.05078125
840.08203125
841.11328125
842.14453125
843.43359375
844.46484375
845.75390625
847.04296875
848.33203125
849.62109375
850.65234375
851.94140625
853.23046875
854.26171875
855.29296875
856.32421875
857.35546875
858.12890625
859.16015625
868.2421875
868.2421875
868.2421875
868.2421875
868.7578125
869.53125
870.5625
871.3359375
967.47265625
967.47265625
967.47265625
967.47265625
967.47265625
967.47265625
967.47265625
967.47265625
967.47265625
967.47265625
967.47265625
967.47265625
967.47265625
967.47265625
967.47265625
967.47265625
967.47265625
967.47265625
967.47265625
967.47265625
967.47265625
967.47265625
967.47265625
967.47265625
967.47265625
967.47265625
967.47265625
967.47265625
967.47265625
1086.69921875
1086.69921875
